<?xml version="1.0" encoding="UTF-8"?>
<!-- Generated by org.testng.reporters.JUnitXMLReporter -->
<testsuite ignored="0" hostname="LTIN674478" failures="0" tests="4" name="Test" time="23.218" errors="0" timestamp="2026-05-20T17:23:11 IST">
  <testcase classname="tests.RegisterTest" name="registerAccount" time="4.395"/>
  <testcase classname="tests.RegisterTest" name="loggingOut" time="0.934"/>
  <testcase classname="tests.RegisterTest" name="loggingInandOut" time="3.835"/>
  <testcase classname="tests.RegisterTest" name="invalidLogin" time="2.143"/>
</testsuite> <!-- Test -->
