<?xml version="1.0" encoding="UTF-8"?>
<testng-results ignored="0" total="1" passed="1" failed="0" skipped="0">
  <reporter-output>
  </reporter-output>
  <suite started-at="2026-05-21T09:28:55 IST" name="Default suite" finished-at="2026-05-21T09:29:35 IST" duration-ms="39365">
    <groups>
    </groups>
    <test started-at="2026-05-21T09:28:55 IST" name="Default test" finished-at="2026-05-21T09:29:35 IST" duration-ms="39365">
      <class name="pages.nameError">
        <test-method signature="name()[pri:0, instance:pages.nameError@57c758ac]" started-at="2026-05-21T09:28:55 IST" name="name" finished-at="2026-05-21T09:29:35 IST" duration-ms="39277" status="PASS">
          <reporter-output>
          </reporter-output>
        </test-method> <!-- name -->
      </class> <!-- pages.nameError -->
    </test> <!-- Default test -->
  </suite> <!-- Default suite -->
</testng-results>
